0 info it worked if it ends with ok
1 verbose cli [ '/usr/local/bin/node', '/usr/local/bin/npm', 'run', 'budo' ]
2 info using npm@3.10.9
3 info using node@v6.6.0
4 verbose run-script [ 'prebudo', 'budo', 'postbudo' ]
5 info lifecycle zoku@1.0.0~prebudo: zoku@1.0.0
6 silly lifecycle zoku@1.0.0~prebudo: no script for prebudo, continuing
7 info lifecycle zoku@1.0.0~budo: zoku@1.0.0
8 verbose lifecycle zoku@1.0.0~budo: unsafe-perm in lifecycle true
9 verbose lifecycle zoku@1.0.0~budo: PATH: /usr/local/lib/node_modules/npm/bin/node-gyp-bin:/Users/elton/HVA/Persuasion/zoku/node_modules/.bin:/usr/local/bin:/usr/bin:/bin:/usr/sbin:/sbin:~/bin:/opt/X11/bin:/Library/Frameworks/Mono.framework/Versions/Current/Commands
10 verbose lifecycle zoku@1.0.0~budo: CWD: /Users/elton/HVA/Persuasion/zoku
11 silly lifecycle zoku@1.0.0~budo: Args: [ '-c', 'budo .' ]
12 silly lifecycle zoku@1.0.0~budo: Returned: code: 1  signal: null
13 info lifecycle zoku@1.0.0~budo: Failed to exec budo script
14 verbose stack Error: zoku@1.0.0 budo: `budo .`
14 verbose stack Exit status 1
14 verbose stack     at EventEmitter.<anonymous> (/usr/local/lib/node_modules/npm/lib/utils/lifecycle.js:255:16)
14 verbose stack     at emitTwo (events.js:106:13)
14 verbose stack     at EventEmitter.emit (events.js:191:7)
14 verbose stack     at ChildProcess.<anonymous> (/usr/local/lib/node_modules/npm/lib/utils/spawn.js:40:14)
14 verbose stack     at emitTwo (events.js:106:13)
14 verbose stack     at ChildProcess.emit (events.js:191:7)
14 verbose stack     at maybeClose (internal/child_process.js:877:16)
14 verbose stack     at Process.ChildProcess._handle.onexit (internal/child_process.js:226:5)
15 verbose pkgid zoku@1.0.0
16 verbose cwd /Users/elton/HVA/Persuasion/zoku
17 error Darwin 15.6.0
18 error argv "/usr/local/bin/node" "/usr/local/bin/npm" "run" "budo"
19 error node v6.6.0
20 error npm  v3.10.9
21 error code ELIFECYCLE
22 error zoku@1.0.0 budo: `budo .`
22 error Exit status 1
23 error Failed at the zoku@1.0.0 budo script 'budo .'.
23 error Make sure you have the latest version of node.js and npm installed.
23 error If you do, this is most likely a problem with the zoku package,
23 error not with npm itself.
23 error Tell the author that this fails on your system:
23 error     budo .
23 error You can get information on how to open an issue for this project with:
23 error     npm bugs zoku
23 error Or if that isn't available, you can get their info via:
23 error     npm owner ls zoku
23 error There is likely additional logging output above.
24 verbose exit [ 1, true ]
